<?xml version="1.0" encoding="UTF-8"?>
<!-- Generated by org.testng.reporters.JUnitReportReporter -->
<testsuite hostname="WUST" failures="0" tests="6" name="com.testng_assertions_2ndApr_2023.Assertions_Automation" time="32.885" errors="0" timestamp="2023-04-02T15:24:29 EDT" skipped="0">
  <testcase classname="com.testng_assertions_2ndApr_2023.Assertions_Automation" name="verifyNinjaPolicyWarningMessageTest" time="5.239"/>
  <system-out/>
  <testcase classname="com.testng_assertions_2ndApr_2023.Assertions_Automation" name="verifyNinjaFirstNameWarningMessageTest" time="6.073"/>
  <system-out/>
  <testcase classname="com.testng_assertions_2ndApr_2023.Assertions_Automation" name="verifyNinjaLastNameWarningMessageTest" time="5.215"/>
  <system-out/>
  <testcase classname="com.testng_assertions_2ndApr_2023.Assertions_Automation" name="verifyNinjaEmailWarningMessageTest" time="5.285"/>
  <system-out/>
  <testcase classname="com.testng_assertions_2ndApr_2023.Assertions_Automation" name="verifyNinjaTelephoneWarningMessageTest" time="5.822"/>
  <system-out/>
  <testcase classname="com.testng_assertions_2ndApr_2023.Assertions_Automation" name="verifyNinjaPasswordWarningMessageTest" time="5.251"/>
  <system-out/>
</testsuite> <!-- com.testng_assertions_2ndApr_2023.Assertions_Automation -->
